Using pre-set license
Built from '2020.3/release' branch; Version is '2020.3.31f1 (6b54b7616050) revision 7034039'; Using compiler version '192528614'; Build Type 'Release'
OS: 'Windows 10  (10.0.19043) 64bit Professional' Language: 'en' Physical Memory: 16328 MB
BatchMode: 1, IsHumanControllingUs: 0, StartBugReporterOnCrash: 0, Is64bit: 1, IsPro: 0

COMMAND LINE ARGUMENTS:
C:\Program Files\Unity\Hub\Editor\2020.3.31f1\Editor\Unity.exe
-adb2
-batchMode
-noUpm
-name
AssetImportWorker0
-projectPath
C:/Users/user/Documents/GitHub/Pac-Man-3D/PacmanFPS
-logFile
Logs/AssetImportWorker0.log
-srvPort
59559
Successfully changed project path to: C:/Users/user/Documents/GitHub/Pac-Man-3D/PacmanFPS
C:/Users/user/Documents/GitHub/Pac-Man-3D/PacmanFPS
Using Asset Import Pipeline V2.
Refreshing native plugins compatible for Editor in 46.85 ms, found 2 plugins.
Preloading 0 native plugins for Editor in 0.00 ms.
Initialize engine version: 2020.3.31f1 (6b54b7616050)
[Subsystems] Discovering subsystems at path C:/Program Files/Unity/Hub/Editor/2020.3.31f1/Editor/Data/Resources/UnitySubsystems
[Subsystems] Discovering subsystems at path C:/Users/user/Documents/GitHub/Pac-Man-3D/PacmanFPS/Assets
GfxDevice: creating device client; threaded=0
Direct3D:
    Version:  Direct3D 11.0 [level 11.1]
    Renderer: NVIDIA GeForce RTX 3060 Ti (ID=0x2489)
    Vendor:   
    VRAM:     8050 MB
    Driver:   30.0.15.1179
Initialize mono
Mono path[0] = 'C:/Program Files/Unity/Hub/Editor/2020.3.31f1/Editor/Data/Managed'
Mono path[1] = 'C:/Program Files/Unity/Hub/Editor/2020.3.31f1/Editor/Data/MonoBleedingEdge/lib/mono/unityjit'
Mono config path = 'C:/Program Files/Unity/Hub/Editor/2020.3.31f1/Editor/Data/MonoBleedingEdge/etc'
Using monoOptions --debugger-agent=transport=dt_socket,embedding=1,server=y,suspend=n,address=127.0.0.1:56104
Begin MonoManager ReloadAssembly
Registering precompiled unity dll's ...
Register platform support module: C:/Program Files/Unity/Hub/Editor/2020.3.31f1/Editor/Data/PlaybackEngines/WebGLSupport/UnityEditor.WebGL.Extensions.dll
Register platform support module: C:/Program Files/Unity/Hub/Editor/2020.3.31f1/Editor/Data/PlaybackEngines/WindowsStandaloneSupport/UnityEditor.WindowsStandalone.Extensions.dll
Registered in 0.001995 seconds.
Native extension for WindowsStandalone target not found
Native extension for WebGL target not found
Refreshing native plugins compatible for Editor in 41.95 ms, found 2 plugins.
Preloading 0 native plugins for Editor in 0.00 ms.
Mono: successfully reloaded assembly
- Completed reload, in  0.401 seconds
Domain Reload Profiling:
	ReloadAssembly (401ms)
		BeginReloadAssembly (46ms)
			ExecutionOrderSort (0ms)
			DisableScriptedObjects (0ms)
			BackupInstance (0ms)
			ReleaseScriptingObjects (0ms)
			CreateAndSetChildDomain (1ms)
		EndReloadAssembly (304ms)
			LoadAssemblies (44ms)
			RebuildTransferFunctionScriptingTraits (0ms)
			SetupTypeCache (89ms)
			ReleaseScriptCaches (0ms)
			RebuildScriptCaches (18ms)
			SetupLoadedEditorAssemblies (129ms)
				LogAssemblyErrors (0ms)
				InitializePlatformSupportModulesInManaged (4ms)
				SetLoadedEditorAssemblies (0ms)
				RefreshPlugins (42ms)
				BeforeProcessingInitializeOnLoad (9ms)
				ProcessInitializeOnLoadAttributes (56ms)
				ProcessInitializeOnLoadMethodAttributes (18ms)
				AfterProcessingInitializeOnLoad (0ms)
				EditorAssembliesLoaded (0ms)
			ExecutionOrderSort2 (0ms)
			AwakeInstancesAfterBackupRestoration (0ms)
Platform modules already initialized, skipping
Registering precompiled user dll's ...
Registered in 0.005976 seconds.
Begin MonoManager ReloadAssembly
Native extension for WindowsStandalone target not found
Native extension for WebGL target not found
Refreshing native plugins compatible for Editor in 45.33 ms, found 2 plugins.
Preloading 0 native plugins for Editor in 0.00 ms.
Mono: successfully reloaded assembly
- Completed reload, in  0.771 seconds
Domain Reload Profiling:
	ReloadAssembly (772ms)
		BeginReloadAssembly (101ms)
			ExecutionOrderSort (0ms)
			DisableScriptedObjects (4ms)
			BackupInstance (0ms)
			ReleaseScriptingObjects (0ms)
			CreateAndSetChildDomain (15ms)
		EndReloadAssembly (627ms)
			LoadAssemblies (73ms)
			RebuildTransferFunctionScriptingTraits (0ms)
			SetupTypeCache (188ms)
			ReleaseScriptCaches (0ms)
			RebuildScriptCaches (33ms)
			SetupLoadedEditorAssemblies (266ms)
				LogAssemblyErrors (0ms)
				InitializePlatformSupportModulesInManaged (3ms)
				SetLoadedEditorAssemblies (0ms)
				RefreshPlugins (45ms)
				BeforeProcessingInitializeOnLoad (74ms)
				ProcessInitializeOnLoadAttributes (132ms)
				ProcessInitializeOnLoadMethodAttributes (5ms)
				AfterProcessingInitializeOnLoad (6ms)
				EditorAssembliesLoaded (0ms)
			ExecutionOrderSort2 (0ms)
			AwakeInstancesAfterBackupRestoration (4ms)
Platform modules already initialized, skipping
========================================================================
Worker process is ready to serve import requests
Launched and connected shader compiler UnityShaderCompiler.exe after 0.04 seconds
Refreshing native plugins compatible for Editor in 0.92 ms, found 2 plugins.
Preloading 0 native plugins for Editor in 0.00 ms.
Unloading 2942 Unused Serialized files (Serialized files now loaded: 0)
System memory in use before: 136.4 MB.
System memory in use after: 136.6 MB.

Unloading 25 unused Assets to reduce memory usage. Loaded Objects now: 3382.
Total: 3.086100 ms (FindLiveObjects: 0.279200 ms CreateObjectMapping: 0.072100 ms MarkObjects: 2.664400 ms  DeleteObjects: 0.069800 ms)

AssetImportParameters requested are different than current active one (requested -> active):
  custom:framework-win-MediaFoundation: 216162199b28c13a410421893ffa2e32 -> 
  custom:video-decoder-ogg-theora: a1e56fd34408186e4bbccfd4996cb3dc -> 
  custom:container-muxer-webm: aa71ff27fc2769a1b78a27578f13a17b -> 
  custom:container-demuxer-webm: 4f35f7cbe854078d1ac9338744f61a02 -> 
  custom:container-demuxer-ogg: 62fdf1f143b41e24485cea50d1cbac27 -> 
  custom:video-encoder-webm-vp8: eb34c28f22e8b96e1ab97ce403110664 -> 
  custom:video-decoder-webm-vp8: 9c59270c3fd7afecdb556c50c9e8de78 -> 
  custom:audio-decoder-ogg-vorbis: bf7c407c2cedff20999df2af8eb42d56 -> 
  custom:audio-encoder-webm-vorbis: bf7c407c2cedff20999df2af8eb42d56 -> 
========================================================================
Received Import Request.
  path: Assets/Unity Downloaded Assets/_ChompMan-PM/Prefabs/Enviornment/Maze_Geo
  artifactKey: Guid(d6e40c5321cf0a4408228ea4e92a0fef) Importer(815301076,1909f56bfc062723c751e8b465ee728b)
Start importing Assets/Unity Downloaded Assets/_ChompMan-PM/Prefabs/Enviornment/Maze_Geo using Guid(d6e40c5321cf0a4408228ea4e92a0fef) Importer(815301076,1909f56bfc062723c751e8b465ee728b)  -> (artifact id: 'dc4e8cf6f256044213b2677dfa7933f9') in 0.009535 seconds 
========================================================================
Received Import Request.
  Time since last request: 24.606410 seconds.
  path: Assets/Unity Downloaded Assets/_ChompMan-PM/Textures/CRACKMAN FRONT.TTF
  artifactKey: Guid(4e59435a679b0524ba89b3cc70a6010f) Importer(815301076,1909f56bfc062723c751e8b465ee728b)
Start importing Assets/Unity Downloaded Assets/_ChompMan-PM/Textures/CRACKMAN FRONT.TTF using Guid(4e59435a679b0524ba89b3cc70a6010f) Importer(815301076,1909f56bfc062723c751e8b465ee728b)  -> (artifact id: '5668c71e02f03588a29929b82b3a4dca') in 0.082519 seconds 
========================================================================
Received Import Request.
  Time since last request: 0.000135 seconds.
  path: Assets/Unity Downloaded Assets/_ChompMan-PM/Textures/CRACKMAN.TTF
  artifactKey: Guid(2bfbc2df09b485047bf0ec1eef56bbb6) Importer(815301076,1909f56bfc062723c751e8b465ee728b)
Start importing Assets/Unity Downloaded Assets/_ChompMan-PM/Textures/CRACKMAN.TTF using Guid(2bfbc2df09b485047bf0ec1eef56bbb6) Importer(815301076,1909f56bfc062723c751e8b465ee728b)  -> (artifact id: '062110c1cb9d7e06a4d19e542ea5e4db') in 0.013615 seconds 
========================================================================
Received Import Request.
  Time since last request: 4.876466 seconds.
  path: Assets/Unity Downloaded Assets/_ChompMan-PM/Scenes/Level_01
  artifactKey: Guid(425ec061c847ddd48ac744273f0ef79c) Importer(815301076,1909f56bfc062723c751e8b465ee728b)
Start importing Assets/Unity Downloaded Assets/_ChompMan-PM/Scenes/Level_01 using Guid(425ec061c847ddd48ac744273f0ef79c) Importer(815301076,1909f56bfc062723c751e8b465ee728b)  -> (artifact id: '8d1d459e035726de17b789d90fc81a7e') in 0.005637 seconds 
========================================================================
Received Import Request.
  Time since last request: 0.033732 seconds.
  path: Assets/Unity Downloaded Assets/_ChompMan-PM/Scenes/Level_01/LightingData.asset
  artifactKey: Guid(2349260575cedf04da5bba93c71d8860) Importer(815301076,1909f56bfc062723c751e8b465ee728b)
Start importing Assets/Unity Downloaded Assets/_ChompMan-PM/Scenes/Level_01/LightingData.asset using Guid(2349260575cedf04da5bba93c71d8860) Importer(815301076,1909f56bfc062723c751e8b465ee728b)  -> (artifact id: 'f1d50a0fc9eca6a6d0d67edf9906b0d2') in 0.037899 seconds 
========================================================================
Received Import Request.
  Time since last request: 0.000115 seconds.
  path: Assets/Unity Downloaded Assets/_ChompMan-PM/Scenes/Level_01/ReflectionProbe-1.exr
  artifactKey: Guid(93b5cb3cb38fb5e4f8036bfd28cf4251) Importer(815301076,1909f56bfc062723c751e8b465ee728b)
Start importing Assets/Unity Downloaded Assets/_ChompMan-PM/Scenes/Level_01/ReflectionProbe-1.exr using Guid(93b5cb3cb38fb5e4f8036bfd28cf4251) Importer(815301076,1909f56bfc062723c751e8b465ee728b)  -> (artifact id: 'ad9f7fa32fd483c08ec86196aa6714f6') in 0.071336 seconds 
========================================================================
Received Import Request.
  Time since last request: 0.000131 seconds.
  path: Assets/Unity Downloaded Assets/_ChompMan-PM/Scenes/Level_01/Lightmap-0_comp_dir.png
  artifactKey: Guid(6930435b3f4f38a4b80260b93cc44971) Importer(815301076,1909f56bfc062723c751e8b465ee728b)
Start importing Assets/Unity Downloaded Assets/_ChompMan-PM/Scenes/Level_01/Lightmap-0_comp_dir.png using Guid(6930435b3f4f38a4b80260b93cc44971) Importer(815301076,1909f56bfc062723c751e8b465ee728b)  -> (artifact id: '296f5e324e1b69c1d72a0b3b2229bc54') in 0.054895 seconds 
========================================================================
Received Import Request.
  Time since last request: 0.000113 seconds.
  path: Assets/Unity Downloaded Assets/_ChompMan-PM/Scenes/Level_01/ReflectionProbe-0.exr
  artifactKey: Guid(5741372f0dbd7e645a70722ec0a15672) Importer(815301076,1909f56bfc062723c751e8b465ee728b)
Start importing Assets/Unity Downloaded Assets/_ChompMan-PM/Scenes/Level_01/ReflectionProbe-0.exr using Guid(5741372f0dbd7e645a70722ec0a15672) Importer(815301076,1909f56bfc062723c751e8b465ee728b)  -> (artifact id: '830c0317725d5371830fb47aaaef805f') in 0.016552 seconds 
========================================================================
Received Import Request.
  Time since last request: 0.000104 seconds.
  path: Assets/Unity Downloaded Assets/_ChompMan-PM/Scenes/Level_01/Lightmap-0_comp_light.exr
  artifactKey: Guid(e9a3276f07d69ef4ea4706f5530923bc) Importer(815301076,1909f56bfc062723c751e8b465ee728b)
Start importing Assets/Unity Downloaded Assets/_ChompMan-PM/Scenes/Level_01/Lightmap-0_comp_light.exr using Guid(e9a3276f07d69ef4ea4706f5530923bc) Importer(815301076,1909f56bfc062723c751e8b465ee728b)  -> (artifact id: '19430cc34f71ed8221d2398a3fd2518d') in 0.018237 seconds 
========================================================================
Received Import Request.
  Time since last request: 14.764981 seconds.
  path: Assets/Unity Downloaded Assets/_ChompMan-PM/Textures/Enviornment/Stage_AlbedoTransparency.png
  artifactKey: Guid(ca27b257a894b2c45a85733ce2ca7010) Importer(815301076,1909f56bfc062723c751e8b465ee728b)
Start importing Assets/Unity Downloaded Assets/_ChompMan-PM/Textures/Enviornment/Stage_AlbedoTransparency.png using Guid(ca27b257a894b2c45a85733ce2ca7010) Importer(815301076,1909f56bfc062723c751e8b465ee728b)  -> (artifact id: '3fbf70ef488c19e9c57d07987a6ff256') in 0.009732 seconds 
========================================================================
Received Import Request.
  Time since last request: 0.000116 seconds.
  path: Assets/Unity Downloaded Assets/_ChompMan-PM/Textures/Enviornment/Stage_Gray_AlbedoTransparency.png
  artifactKey: Guid(af8715bba6a025f4983dd2d7e4b934e9) Importer(815301076,1909f56bfc062723c751e8b465ee728b)
Start importing Assets/Unity Downloaded Assets/_ChompMan-PM/Textures/Enviornment/Stage_Gray_AlbedoTransparency.png using Guid(af8715bba6a025f4983dd2d7e4b934e9) Importer(815301076,1909f56bfc062723c751e8b465ee728b)  -> (artifact id: 'c0e3780a79b96054a0f99ccd0c847e95') in 0.014699 seconds 
========================================================================
Received Import Request.
  Time since last request: 0.000114 seconds.
  path: Assets/Unity Downloaded Assets/_ChompMan-PM/Textures/Enviornment/Stage_Gray_AO.png
  artifactKey: Guid(c1917dd1c0533c144ab570bca7e89093) Importer(815301076,1909f56bfc062723c751e8b465ee728b)
Start importing Assets/Unity Downloaded Assets/_ChompMan-PM/Textures/Enviornment/Stage_Gray_AO.png using Guid(c1917dd1c0533c144ab570bca7e89093) Importer(815301076,1909f56bfc062723c751e8b465ee728b)  -> (artifact id: '2aa78d26c9c9fda676d3edd46ecace83') in 0.009189 seconds 
========================================================================
Received Import Request.
  Time since last request: 0.000118 seconds.
  path: Assets/Unity Downloaded Assets/_ChompMan-PM/Textures/Enviornment/StageNeon_MetallicSmoothness.png
  artifactKey: Guid(04ed8ace81c666546bea956b48171940) Importer(815301076,1909f56bfc062723c751e8b465ee728b)
Start importing Assets/Unity Downloaded Assets/_ChompMan-PM/Textures/Enviornment/StageNeon_MetallicSmoothness.png using Guid(04ed8ace81c666546bea956b48171940) Importer(815301076,1909f56bfc062723c751e8b465ee728b)  -> (artifact id: '0ecd99881b8c55347ff799a01de8b135') in 0.016840 seconds 
========================================================================
Received Import Request.
  Time since last request: 0.000123 seconds.
  path: Assets/Unity Downloaded Assets/_ChompMan-PM/Textures/Enviornment/Stage_AO.png
  artifactKey: Guid(dd9566ee7662c32439789513727beb4e) Importer(815301076,1909f56bfc062723c751e8b465ee728b)
Start importing Assets/Unity Downloaded Assets/_ChompMan-PM/Textures/Enviornment/Stage_AO.png using Guid(dd9566ee7662c32439789513727beb4e) Importer(815301076,1909f56bfc062723c751e8b465ee728b)  -> (artifact id: '4b986fa2244ba0f2d8f4b30e14c73e1c') in 0.014285 seconds 
========================================================================
Received Import Request.
  Time since last request: 0.000111 seconds.
  path: Assets/Unity Downloaded Assets/_ChompMan-PM/Textures/Enviornment/Stage_Gray_Normal.png
  artifactKey: Guid(912700906c8b0f04891f38a5dd5c591d) Importer(815301076,1909f56bfc062723c751e8b465ee728b)
Start importing Assets/Unity Downloaded Assets/_ChompMan-PM/Textures/Enviornment/Stage_Gray_Normal.png using Guid(912700906c8b0f04891f38a5dd5c591d) Importer(815301076,1909f56bfc062723c751e8b465ee728b)  -> (artifact id: 'f69ea2533f576a64d73025983743988a') in 0.018607 seconds 
========================================================================
Received Import Request.
  Time since last request: 0.000138 seconds.
  path: Assets/Unity Downloaded Assets/_ChompMan-PM/Textures/Enviornment/StageNeon_AlbedoTransparency.png
  artifactKey: Guid(a2af71c814b21144eaa649b0fd593734) Importer(815301076,1909f56bfc062723c751e8b465ee728b)
Start importing Assets/Unity Downloaded Assets/_ChompMan-PM/Textures/Enviornment/StageNeon_AlbedoTransparency.png using Guid(a2af71c814b21144eaa649b0fd593734) Importer(815301076,1909f56bfc062723c751e8b465ee728b)  -> (artifact id: '857256005c269411c05127910c18bc66') in 0.014792 seconds 
========================================================================
Received Import Request.
  Time since last request: 0.000123 seconds.
  path: Assets/Unity Downloaded Assets/_ChompMan-PM/Textures/Enviornment/StageNeon_AO.png
  artifactKey: Guid(729c2de40155f464cb4a053795af7250) Importer(815301076,1909f56bfc062723c751e8b465ee728b)
Start importing Assets/Unity Downloaded Assets/_ChompMan-PM/Textures/Enviornment/StageNeon_AO.png using Guid(729c2de40155f464cb4a053795af7250) Importer(815301076,1909f56bfc062723c751e8b465ee728b)  -> (artifact id: '0c32c351af3ef5cb0b1a85325b1059d4') in 0.014615 seconds 
========================================================================
Received Import Request.
  Time since last request: 0.000117 seconds.
  path: Assets/Unity Downloaded Assets/_ChompMan-PM/Textures/Enviornment/Stage_MetallicSmoothness.png
  artifactKey: Guid(abbc21a61e5b97c42ac484f00192fc95) Importer(815301076,1909f56bfc062723c751e8b465ee728b)
Start importing Assets/Unity Downloaded Assets/_ChompMan-PM/Textures/Enviornment/Stage_MetallicSmoothness.png using Guid(abbc21a61e5b97c42ac484f00192fc95) Importer(815301076,1909f56bfc062723c751e8b465ee728b)  -> (artifact id: '0afeca69f0b510ddcad8fa4101946ddc') in 0.011322 seconds 
========================================================================
Received Import Request.
  Time since last request: 0.000147 seconds.
  path: Assets/Unity Downloaded Assets/_ChompMan-PM/Textures/Enviornment/Stage_OrangeRed_MetallicSmoothness.png
  artifactKey: Guid(0f0cd69a431b8664691c3f1d1c707361) Importer(815301076,1909f56bfc062723c751e8b465ee728b)
Start importing Assets/Unity Downloaded Assets/_ChompMan-PM/Textures/Enviornment/Stage_OrangeRed_MetallicSmoothness.png using Guid(0f0cd69a431b8664691c3f1d1c707361) Importer(815301076,1909f56bfc062723c751e8b465ee728b)  -> (artifact id: '14181863e2e541d74f001d0b2250fc29') in 0.016700 seconds 
========================================================================
Received Import Request.
  Time since last request: 0.000119 seconds.
  path: Assets/Unity Downloaded Assets/_ChompMan-PM/Textures/Enviornment/Stage_YellowRed_MetallicSmoothness.png
  artifactKey: Guid(cf0fe619a51916b46bd079b9194374ce) Importer(815301076,1909f56bfc062723c751e8b465ee728b)
Start importing Assets/Unity Downloaded Assets/_ChompMan-PM/Textures/Enviornment/Stage_YellowRed_MetallicSmoothness.png using Guid(cf0fe619a51916b46bd079b9194374ce) Importer(815301076,1909f56bfc062723c751e8b465ee728b)  -> (artifact id: '2c2214cb1e6b16c2be1dc3aca885d9a5') in 0.016958 seconds 
========================================================================
Received Import Request.
  Time since last request: 0.000124 seconds.
  path: Assets/Unity Downloaded Assets/_ChompMan-PM/Textures/Enviornment/Stage_OrangeRed_Normal.png
  artifactKey: Guid(cf42fc231966044458bc0c3b4d14034e) Importer(815301076,1909f56bfc062723c751e8b465ee728b)
Start importing Assets/Unity Downloaded Assets/_ChompMan-PM/Textures/Enviornment/Stage_OrangeRed_Normal.png using Guid(cf42fc231966044458bc0c3b4d14034e) Importer(815301076,1909f56bfc062723c751e8b465ee728b)  -> (artifact id: '75ac1c8f9f9a0fa7af15bfa735e22230') in 0.017036 seconds 
========================================================================
Received Import Request.
  Time since last request: 0.000124 seconds.
  path: Assets/Unity Downloaded Assets/_ChompMan-PM/Textures/Enviornment/StageNeon_Normal.png
  artifactKey: Guid(f4a2debe62b2c9d409df89c994d5a18b) Importer(815301076,1909f56bfc062723c751e8b465ee728b)
Start importing Assets/Unity Downloaded Assets/_ChompMan-PM/Textures/Enviornment/StageNeon_Normal.png using Guid(f4a2debe62b2c9d409df89c994d5a18b) Importer(815301076,1909f56bfc062723c751e8b465ee728b)  -> (artifact id: '7c2e734362b018281c92f98679b3b5ae') in 0.017537 seconds 
========================================================================
Received Import Request.
  Time since last request: 0.000135 seconds.
  path: Assets/Unity Downloaded Assets/_ChompMan-PM/Textures/Enviornment/Stage_YellowRed_Normal.png
  artifactKey: Guid(6eb3efde278cd104ba46d1c6525b8cc6) Importer(815301076,1909f56bfc062723c751e8b465ee728b)
Start importing Assets/Unity Downloaded Assets/_ChompMan-PM/Textures/Enviornment/Stage_YellowRed_Normal.png using Guid(6eb3efde278cd104ba46d1c6525b8cc6) Importer(815301076,1909f56bfc062723c751e8b465ee728b)  -> (artifact id: '049df79d9328cb5d2beab36df46db4e6') in 0.017025 seconds 
========================================================================
Received Import Request.
  Time since last request: 0.000118 seconds.
  path: Assets/Unity Downloaded Assets/_ChompMan-PM/Textures/Enviornment/Stage_YellowRed_AlbedoTransparency.png
  artifactKey: Guid(e8edaeb978d954242b2978bf63ff6be8) Importer(815301076,1909f56bfc062723c751e8b465ee728b)
Start importing Assets/Unity Downloaded Assets/_ChompMan-PM/Textures/Enviornment/Stage_YellowRed_AlbedoTransparency.png using Guid(e8edaeb978d954242b2978bf63ff6be8) Importer(815301076,1909f56bfc062723c751e8b465ee728b)  -> (artifact id: '9c60627625958069a80502a7ed63b3aa') in 0.016344 seconds 
========================================================================
Received Import Request.
  Time since last request: 0.000115 seconds.
  path: Assets/Unity Downloaded Assets/_ChompMan-PM/Textures/Enviornment/Stage_Normal.png
  artifactKey: Guid(412b6cebc5411224aabfebb53e2899f4) Importer(815301076,1909f56bfc062723c751e8b465ee728b)
Start importing Assets/Unity Downloaded Assets/_ChompMan-PM/Textures/Enviornment/Stage_Normal.png using Guid(412b6cebc5411224aabfebb53e2899f4) Importer(815301076,1909f56bfc062723c751e8b465ee728b)  -> (artifact id: '26667145e600f50845b27fd4cd55784a') in 0.009535 seconds 
========================================================================
Received Import Request.
  Time since last request: 0.000115 seconds.
  path: Assets/Unity Downloaded Assets/_ChompMan-PM/Textures/Enviornment/Stage_OrangeRed_AO.png
  artifactKey: Guid(83ed64d41f64f30488b26d0c5cbbd8fe) Importer(815301076,1909f56bfc062723c751e8b465ee728b)
Start importing Assets/Unity Downloaded Assets/_ChompMan-PM/Textures/Enviornment/Stage_OrangeRed_AO.png using Guid(83ed64d41f64f30488b26d0c5cbbd8fe) Importer(815301076,1909f56bfc062723c751e8b465ee728b)  -> (artifact id: '4bbf648d28b46bfb75cd9e26c902d45a') in 0.014862 seconds 
========================================================================
Received Import Request.
  Time since last request: 0.000116 seconds.
  path: Assets/Unity Downloaded Assets/_ChompMan-PM/Textures/Enviornment/StageGround_NORMAL.png
  artifactKey: Guid(ef8ddaffc5dca1e4c830bd9aea02ab45) Importer(815301076,1909f56bfc062723c751e8b465ee728b)
Start importing Assets/Unity Downloaded Assets/_ChompMan-PM/Textures/Enviornment/StageGround_NORMAL.png using Guid(ef8ddaffc5dca1e4c830bd9aea02ab45) Importer(815301076,1909f56bfc062723c751e8b465ee728b)  -> (artifact id: '0d73255f5568d44249c64cf793cfeb06') in 0.013008 seconds 
========================================================================
Received Import Request.
  Time since last request: 0.000118 seconds.
  path: Assets/Unity Downloaded Assets/_ChompMan-PM/Textures/Enviornment/Stage_Gray_MetallicSmoothness.png
  artifactKey: Guid(0f6fa0bfa4234d648b3b9f29f6c7ce40) Importer(815301076,1909f56bfc062723c751e8b465ee728b)
Start importing Assets/Unity Downloaded Assets/_ChompMan-PM/Textures/Enviornment/Stage_Gray_MetallicSmoothness.png using Guid(0f6fa0bfa4234d648b3b9f29f6c7ce40) Importer(815301076,1909f56bfc062723c751e8b465ee728b)  -> (artifact id: 'be3f4fdab79a98eafcc7041fbacbc37b') in 0.016487 seconds 
========================================================================
Received Import Request.
  Time since last request: 0.000112 seconds.
  path: Assets/Unity Downloaded Assets/_ChompMan-PM/Textures/Enviornment/StageNeon_Emission.png
  artifactKey: Guid(837340e1b3b23654d870b8e01e2c9e18) Importer(815301076,1909f56bfc062723c751e8b465ee728b)
Start importing Assets/Unity Downloaded Assets/_ChompMan-PM/Textures/Enviornment/StageNeon_Emission.png using Guid(837340e1b3b23654d870b8e01e2c9e18) Importer(815301076,1909f56bfc062723c751e8b465ee728b)  -> (artifact id: 'b2e74d62d2ff316bcc2b4097eacaa397') in 0.015572 seconds 
========================================================================
Received Import Request.
  Time since last request: 0.000126 seconds.
  path: Assets/Unity Downloaded Assets/_ChompMan-PM/Textures/Enviornment/StageGround_AO.png
  artifactKey: Guid(c10073af08944b04dad7f1823cb37e2b) Importer(815301076,1909f56bfc062723c751e8b465ee728b)
Start importing Assets/Unity Downloaded Assets/_ChompMan-PM/Textures/Enviornment/StageGround_AO.png using Guid(c10073af08944b04dad7f1823cb37e2b) Importer(815301076,1909f56bfc062723c751e8b465ee728b)  -> (artifact id: 'c99425a23b022e823aa148d89ea26cbb') in 0.012576 seconds 
========================================================================
Received Import Request.
  Time since last request: 0.000118 seconds.
  path: Assets/Unity Downloaded Assets/_ChompMan-PM/Textures/Enviornment/Stage_YellowRed_AO.png
  artifactKey: Guid(31dc0e94c6d0e0f41a360a069b1f5c72) Importer(815301076,1909f56bfc062723c751e8b465ee728b)
Start importing Assets/Unity Downloaded Assets/_ChompMan-PM/Textures/Enviornment/Stage_YellowRed_AO.png using Guid(31dc0e94c6d0e0f41a360a069b1f5c72) Importer(815301076,1909f56bfc062723c751e8b465ee728b)  -> (artifact id: '2e8ae19bb4bdee0ec72688280096cbb7') in 0.013996 seconds 
========================================================================
Received Import Request.
  Time since last request: 0.000217 seconds.
  path: Assets/Unity Downloaded Assets/_ChompMan-PM/Textures/Enviornment/Stage_OrangeRed_AlbedoTransparency.png
  artifactKey: Guid(77fa3fa720e3600478ecbdc2c94af80a) Importer(815301076,1909f56bfc062723c751e8b465ee728b)
Start importing Assets/Unity Downloaded Assets/_ChompMan-PM/Textures/Enviornment/Stage_OrangeRed_AlbedoTransparency.png using Guid(77fa3fa720e3600478ecbdc2c94af80a) Importer(815301076,1909f56bfc062723c751e8b465ee728b)  -> (artifact id: 'ea0d891781845084277a4bd76953e851') in 0.015711 seconds 
========================================================================
Received Import Request.
  Time since last request: 0.287068 seconds.
  path: Assets/Unity Downloaded Assets/_ChompMan-PM/Textures/HDR/HDRI_Training_Stage.hdr
  artifactKey: Guid(abe7460e482fb0646bf8b8a376c26163) Importer(815301076,1909f56bfc062723c751e8b465ee728b)
Start importing Assets/Unity Downloaded Assets/_ChompMan-PM/Textures/HDR/HDRI_Training_Stage.hdr using Guid(abe7460e482fb0646bf8b8a376c26163) Importer(815301076,1909f56bfc062723c751e8b465ee728b)  -> (artifact id: 'dd24b56a02b466fee23b157c565ad9b5') in 0.061995 seconds 
========================================================================
Received Import Request.
  Time since last request: 0.000124 seconds.
  path: Assets/Unity Downloaded Assets/_ChompMan-PM/Textures/HDR/HDRI_Training_Stage_MAT.mat
  artifactKey: Guid(83c923cfa770be44287dec372b830585) Importer(815301076,1909f56bfc062723c751e8b465ee728b)
Start importing Assets/Unity Downloaded Assets/_ChompMan-PM/Textures/HDR/HDRI_Training_Stage_MAT.mat using Guid(83c923cfa770be44287dec372b830585) Importer(815301076,1909f56bfc062723c751e8b465ee728b)  -> (artifact id: 'ff4cf0027a0a0d02135504bc3219fffa') in 0.038317 seconds 
========================================================================
Received Import Request.
  Time since last request: 23.535743 seconds.
  path: Assets/Unity Downloaded Assets/_ChompMan-PM/Textures/Enviornment
  artifactKey: Guid(59d1036915d3c0f49aefe29963e848eb) Importer(815301076,1909f56bfc062723c751e8b465ee728b)
Start importing Assets/Unity Downloaded Assets/_ChompMan-PM/Textures/Enviornment using Guid(59d1036915d3c0f49aefe29963e848eb) Importer(815301076,1909f56bfc062723c751e8b465ee728b)  -> (artifact id: 'f0bbccae3f66118f941a3432b07d68da') in 0.004944 seconds 
========================================================================
Received Import Request.
  Time since last request: 7.197992 seconds.
  path: Assets/Unity Downloaded Assets/_ChompMan-PM/Textures/Enviornment/Materials
  artifactKey: Guid(0bcd9b92197274f42b49694c488a78a6) Importer(815301076,1909f56bfc062723c751e8b465ee728b)
Start importing Assets/Unity Downloaded Assets/_ChompMan-PM/Textures/Enviornment/Materials using Guid(0bcd9b92197274f42b49694c488a78a6) Importer(815301076,1909f56bfc062723c751e8b465ee728b)  -> (artifact id: '2a3af7e66d15fa0856e6ebc872d95d77') in 0.005170 seconds 
========================================================================
Received Import Request.
  Time since last request: 0.048810 seconds.
  path: Assets/Unity Downloaded Assets/_ChompMan-PM/Textures/Enviornment/Materials/Stage_AlbedoTransparency.mat
  artifactKey: Guid(d3db4a32a82101443b35ab64d8f54bce) Importer(815301076,1909f56bfc062723c751e8b465ee728b)
Start importing Assets/Unity Downloaded Assets/_ChompMan-PM/Textures/Enviornment/Materials/Stage_AlbedoTransparency.mat using Guid(d3db4a32a82101443b35ab64d8f54bce) Importer(815301076,1909f56bfc062723c751e8b465ee728b)  -> (artifact id: 'e5abe792476d34bee07b8e5a0daf860d') in 0.010920 seconds 
========================================================================
Received Import Request.
  Time since last request: 12.118381 seconds.
  path: Assets/Unity Downloaded Assets/_ChompMan-PM/Textures/Props
  artifactKey: Guid(03c1ff88e2a15c947b688a1839edaf6f) Importer(815301076,1909f56bfc062723c751e8b465ee728b)
Start importing Assets/Unity Downloaded Assets/_ChompMan-PM/Textures/Props using Guid(03c1ff88e2a15c947b688a1839edaf6f) Importer(815301076,1909f56bfc062723c751e8b465ee728b)  -> (artifact id: 'c1f6189caa291aa6015a9cceb52fcd9c') in 0.004983 seconds 
========================================================================
Received Import Request.
  Time since last request: 0.064490 seconds.
  path: Assets/Unity Downloaded Assets/_ChompMan-PM/Textures/Props/Cherry_AlbedoTransparency.png
  artifactKey: Guid(aa5b8b1c5d8ab8a4f91a0425f431ee4d) Importer(815301076,1909f56bfc062723c751e8b465ee728b)
Start importing Assets/Unity Downloaded Assets/_ChompMan-PM/Textures/Props/Cherry_AlbedoTransparency.png using Guid(aa5b8b1c5d8ab8a4f91a0425f431ee4d) Importer(815301076,1909f56bfc062723c751e8b465ee728b)  -> (artifact id: '7404ca194234c4f72b49e6c7b5d9e6c0') in 0.029662 seconds 
========================================================================
Received Import Request.
  Time since last request: 0.000114 seconds.
  path: Assets/Unity Downloaded Assets/_ChompMan-PM/Textures/Props/Cherry_AO.png
  artifactKey: Guid(cfaaa2152f91fb64d82c5008625adf83) Importer(815301076,1909f56bfc062723c751e8b465ee728b)
Start importing Assets/Unity Downloaded Assets/_ChompMan-PM/Textures/Props/Cherry_AO.png using Guid(cfaaa2152f91fb64d82c5008625adf83) Importer(815301076,1909f56bfc062723c751e8b465ee728b)  -> (artifact id: 'f323f1dec432fdfb903b7ba8ac206528') in 0.011283 seconds 
========================================================================
Received Import Request.
  Time since last request: 0.000109 seconds.
  path: Assets/Unity Downloaded Assets/_ChompMan-PM/Textures/Props/Cherry_MetallicSmoothness.png
  artifactKey: Guid(12d90fa9a4fb6754f824c62bc83aea15) Importer(815301076,1909f56bfc062723c751e8b465ee728b)
Start importing Assets/Unity Downloaded Assets/_ChompMan-PM/Textures/Props/Cherry_MetallicSmoothness.png using Guid(12d90fa9a4fb6754f824c62bc83aea15) Importer(815301076,1909f56bfc062723c751e8b465ee728b)  -> (artifact id: '911100b7c940b465a1c2270af14d4092') in 0.025139 seconds 
========================================================================
Received Import Request.
  Time since last request: 0.000115 seconds.
  path: Assets/Unity Downloaded Assets/_ChompMan-PM/Textures/Props/PP_Rotating_Normal.png
  artifactKey: Guid(39ba1a4ac742474458f7c74de444a5e1) Importer(815301076,1909f56bfc062723c751e8b465ee728b)
Start importing Assets/Unity Downloaded Assets/_ChompMan-PM/Textures/Props/PP_Rotating_Normal.png using Guid(39ba1a4ac742474458f7c74de444a5e1) Importer(815301076,1909f56bfc062723c751e8b465ee728b)  -> (artifact id: '6ce9272f7f9939f4f54e6f95cc512b79') in 0.018087 seconds 
========================================================================
Received Import Request.
  Time since last request: 0.000119 seconds.
  path: Assets/Unity Downloaded Assets/_ChompMan-PM/Textures/Props/PowerPellet_AlbedoTransparency.png
  artifactKey: Guid(9a42ba8a4f8ee73498218f8e3198c55c) Importer(815301076,1909f56bfc062723c751e8b465ee728b)
Start importing Assets/Unity Downloaded Assets/_ChompMan-PM/Textures/Props/PowerPellet_AlbedoTransparency.png using Guid(9a42ba8a4f8ee73498218f8e3198c55c) Importer(815301076,1909f56bfc062723c751e8b465ee728b)  -> (artifact id: '2a25bdc986ca5e6ae92a6ef650a52ec9') in 0.039859 seconds 
========================================================================
Received Import Request.
  Time since last request: 0.000128 seconds.
  path: Assets/Unity Downloaded Assets/_ChompMan-PM/Textures/Props/Cherry_Normal.png
  artifactKey: Guid(4861d55769e20844cadf235186a49b15) Importer(815301076,1909f56bfc062723c751e8b465ee728b)
Start importing Assets/Unity Downloaded Assets/_ChompMan-PM/Textures/Props/Cherry_Normal.png using Guid(4861d55769e20844cadf235186a49b15) Importer(815301076,1909f56bfc062723c751e8b465ee728b)  -> (artifact id: '9ac369515df3a1a3c7097b59af6632e0') in 0.015848 seconds 
========================================================================
Received Import Request.
  Time since last request: 0.000125 seconds.
  path: Assets/Unity Downloaded Assets/_ChompMan-PM/Textures/Props/PP_Rotating_Emission.png
  artifactKey: Guid(bb40326dfb6bf074c8721fc7996afc6f) Importer(815301076,1909f56bfc062723c751e8b465ee728b)
Start importing Assets/Unity Downloaded Assets/_ChompMan-PM/Textures/Props/PP_Rotating_Emission.png using Guid(bb40326dfb6bf074c8721fc7996afc6f) Importer(815301076,1909f56bfc062723c751e8b465ee728b)  -> (artifact id: 'a95705df9aa8eaaf695fc4a41923bde5') in 0.018485 seconds 
========================================================================
Received Import Request.
  Time since last request: 0.000116 seconds.
  path: Assets/Unity Downloaded Assets/_ChompMan-PM/Textures/Props/PowerPellet_Emission.png
  artifactKey: Guid(683db0eea9ded794cb9715b63e992f99) Importer(815301076,1909f56bfc062723c751e8b465ee728b)
Start importing Assets/Unity Downloaded Assets/_ChompMan-PM/Textures/Props/PowerPellet_Emission.png using Guid(683db0eea9ded794cb9715b63e992f99) Importer(815301076,1909f56bfc062723c751e8b465ee728b)  -> (artifact id: '48bccd3b5af9e829131c08c6e22b3ff1') in 0.009141 seconds 
========================================================================
Received Import Request.
  Time since last request: 0.000113 seconds.
  path: Assets/Unity Downloaded Assets/_ChompMan-PM/Textures/Props/PowerPellet_MetallicSmoothness.png
  artifactKey: Guid(a798e730edf5e05418053f81de34a212) Importer(815301076,1909f56bfc062723c751e8b465ee728b)
Start importing Assets/Unity Downloaded Assets/_ChompMan-PM/Textures/Props/PowerPellet_MetallicSmoothness.png using Guid(a798e730edf5e05418053f81de34a212) Importer(815301076,1909f56bfc062723c751e8b465ee728b)  -> (artifact id: '7f76034baa170378d45b1574061770fe') in 0.013039 seconds 
========================================================================
Received Import Request.
  Time since last request: 0.000127 seconds.
  path: Assets/Unity Downloaded Assets/_ChompMan-PM/Textures/Props/PowerPellet_Normal.png
  artifactKey: Guid(710699eb0e6be3543ae3affcc14dea4a) Importer(815301076,1909f56bfc062723c751e8b465ee728b)
Start importing Assets/Unity Downloaded Assets/_ChompMan-PM/Textures/Props/PowerPellet_Normal.png using Guid(710699eb0e6be3543ae3affcc14dea4a) Importer(815301076,1909f56bfc062723c751e8b465ee728b)  -> (artifact id: '9525b8559da3575d1fdad32ef4c87354') in 0.012396 seconds 
========================================================================
Received Import Request.
  Time since last request: 0.000128 seconds.
  path: Assets/Unity Downloaded Assets/_ChompMan-PM/Textures/Props/PP_Rotating_MetallicSmoothness.png
  artifactKey: Guid(b758732dfa8fd9b4b8c0c890b9da4a8d) Importer(815301076,1909f56bfc062723c751e8b465ee728b)
Start importing Assets/Unity Downloaded Assets/_ChompMan-PM/Textures/Props/PP_Rotating_MetallicSmoothness.png using Guid(b758732dfa8fd9b4b8c0c890b9da4a8d) Importer(815301076,1909f56bfc062723c751e8b465ee728b)  -> (artifact id: 'cf65403fcfc71d3989374bbc14ad6466') in 0.012490 seconds 
========================================================================
Received Import Request.
  Time since last request: 0.000124 seconds.
  path: Assets/Unity Downloaded Assets/_ChompMan-PM/Textures/Props/PowerPellet_AO.png
  artifactKey: Guid(bdcd3b702f6c21a4b9f746167f85d60c) Importer(815301076,1909f56bfc062723c751e8b465ee728b)
Start importing Assets/Unity Downloaded Assets/_ChompMan-PM/Textures/Props/PowerPellet_AO.png using Guid(bdcd3b702f6c21a4b9f746167f85d60c) Importer(815301076,1909f56bfc062723c751e8b465ee728b)  -> (artifact id: 'a953bb849989a0bb71e1f90da9deb8e4') in 0.011982 seconds 
========================================================================
Received Import Request.
  Time since last request: 0.000123 seconds.
  path: Assets/Unity Downloaded Assets/_ChompMan-PM/Textures/Props/PP_Rotating_AO.png
  artifactKey: Guid(d6ad0c46e83ae1946ac67d310e0621f3) Importer(815301076,1909f56bfc062723c751e8b465ee728b)
Start importing Assets/Unity Downloaded Assets/_ChompMan-PM/Textures/Props/PP_Rotating_AO.png using Guid(d6ad0c46e83ae1946ac67d310e0621f3) Importer(815301076,1909f56bfc062723c751e8b465ee728b)  -> (artifact id: 'eaf9e58c1c1370016a122d150a283dcf') in 0.012048 seconds 
========================================================================
Received Import Request.
  Time since last request: 0.000120 seconds.
  path: Assets/Unity Downloaded Assets/_ChompMan-PM/Textures/Props/PP_Rotating_AlbedoTransparency.png
  artifactKey: Guid(e5b2c61dc19ec4945853792b049ae73f) Importer(815301076,1909f56bfc062723c751e8b465ee728b)
Start importing Assets/Unity Downloaded Assets/_ChompMan-PM/Textures/Props/PP_Rotating_AlbedoTransparency.png using Guid(e5b2c61dc19ec4945853792b049ae73f) Importer(815301076,1909f56bfc062723c751e8b465ee728b)  -> (artifact id: '0fb382ad47643444e955068d4caf07f3') in 0.013352 seconds 
========================================================================
Received Import Request.
  Time since last request: 369.614167 seconds.
  path: Assets/Unity Downloaded Assets/_ChompMan-PM/Textures/LUT/_LUTs_SDF_BarrelStage.png
  artifactKey: Guid(c43137970e9ab084d850a83809f9df0e) Importer(815301076,1909f56bfc062723c751e8b465ee728b)
Start importing Assets/Unity Downloaded Assets/_ChompMan-PM/Textures/LUT/_LUTs_SDF_BarrelStage.png using Guid(c43137970e9ab084d850a83809f9df0e) Importer(815301076,1909f56bfc062723c751e8b465ee728b)  -> (artifact id: '2d1874ff54cd3bced5422abb07409036') in 0.013508 seconds 
========================================================================
Received Import Request.
  Time since last request: 0.000111 seconds.
  path: Assets/Samples/Terrain Tools/0.1.0-preview/Terrain Assets/BrushTextures/canyon03.tif
  artifactKey: Guid(00e07f21ff32c094ea64f6753fb3b542) Importer(815301076,1909f56bfc062723c751e8b465ee728b)
Start importing Assets/Samples/Terrain Tools/0.1.0-preview/Terrain Assets/BrushTextures/canyon03.tif using Guid(00e07f21ff32c094ea64f6753fb3b542) Importer(815301076,1909f56bfc062723c751e8b465ee728b)  -> (artifact id: 'd1fb85617bac079629ab2e4807803b13') in 0.018220 seconds 
========================================================================
Received Import Request.
  Time since last request: 0.000100 seconds.
  path: Assets/Unity Downloaded Assets/_ChompMan-PM/Textures/UI/ChompMan_TitleText.png
  artifactKey: Guid(833092e6dad9616499340f58441c3f2d) Importer(815301076,1909f56bfc062723c751e8b465ee728b)
Start importing Assets/Unity Downloaded Assets/_ChompMan-PM/Textures/UI/ChompMan_TitleText.png using Guid(833092e6dad9616499340f58441c3f2d) Importer(815301076,1909f56bfc062723c751e8b465ee728b)  -> (artifact id: '0ef13b885287960cf8a84e7d23dad8cc') in 0.018154 seconds 
========================================================================
Received Import Request.
  Time since last request: 0.000125 seconds.
  path: Assets/Unity Downloaded Assets/_ChompMan-PM/Textures/LUT/_LUTs_SDF_Castle.png
  artifactKey: Guid(e1a7403d865100d4285d3c0f5dc00b3f) Importer(815301076,1909f56bfc062723c751e8b465ee728b)
Start importing Assets/Unity Downloaded Assets/_ChompMan-PM/Textures/LUT/_LUTs_SDF_Castle.png using Guid(e1a7403d865100d4285d3c0f5dc00b3f) Importer(815301076,1909f56bfc062723c751e8b465ee728b)  -> (artifact id: '0bdfd17144ea8a406896b389deb39189') in 0.011892 seconds 
========================================================================
Received Import Request.
  Time since last request: 0.000110 seconds.
  path: Assets/Samples/Terrain Tools/0.1.0-preview/Terrain Assets/BrushTextures/canyon02.tif
  artifactKey: Guid(4fe4d3241d435594b82a72af96e4052d) Importer(815301076,1909f56bfc062723c751e8b465ee728b)
Start importing Assets/Samples/Terrain Tools/0.1.0-preview/Terrain Assets/BrushTextures/canyon02.tif using Guid(4fe4d3241d435594b82a72af96e4052d) Importer(815301076,1909f56bfc062723c751e8b465ee728b)  -> (artifact id: '9688468db7aa61935dc222519dba6449') in 0.018535 seconds 
========================================================================
Received Import Request.
  Time since last request: 0.000098 seconds.
  path: Assets/Samples/Terrain Tools/0.1.0-preview/Terrain Assets/BrushTextures/canyon01.tif
  artifactKey: Guid(903360ef543b50449ae74931c4fddc2c) Importer(815301076,1909f56bfc062723c751e8b465ee728b)
Start importing Assets/Samples/Terrain Tools/0.1.0-preview/Terrain Assets/BrushTextures/canyon01.tif using Guid(903360ef543b50449ae74931c4fddc2c) Importer(815301076,1909f56bfc062723c751e8b465ee728b)  -> (artifact id: '656b7551f83cfa783603b313e1e672b0') in 0.013070 seconds 
========================================================================
Received Import Request.
  Time since last request: 0.000110 seconds.
  path: Assets/Unity Downloaded Assets/_ChompMan-PM/Textures/UI/ChompMan_TitleScreenBackground_Blured.png
  artifactKey: Guid(63d1883e26b52944887ade76bf9e057b) Importer(815301076,1909f56bfc062723c751e8b465ee728b)
Start importing Assets/Unity Downloaded Assets/_ChompMan-PM/Textures/UI/ChompMan_TitleScreenBackground_Blured.png using Guid(63d1883e26b52944887ade76bf9e057b) Importer(815301076,1909f56bfc062723c751e8b465ee728b)  -> (artifact id: 'f66481ab3f939bc70579e655d95f5d6b') in 0.033111 seconds 
========================================================================
Received Import Request.
  Time since last request: 0.000097 seconds.
  path: Assets/Unity Downloaded Assets/_ChompMan-PM/Textures/UI/ChompMan_TitleScreenFrame.png
  artifactKey: Guid(a60c3054a2976f247aba59b2ca22bd07) Importer(815301076,1909f56bfc062723c751e8b465ee728b)
Start importing Assets/Unity Downloaded Assets/_ChompMan-PM/Textures/UI/ChompMan_TitleScreenFrame.png using Guid(a60c3054a2976f247aba59b2ca22bd07) Importer(815301076,1909f56bfc062723c751e8b465ee728b)  -> (artifact id: 'f8ceba808075746bbfa11032da8f62d0') in 0.027687 seconds 
========================================================================
Received Import Request.
  Time since last request: 0.000134 seconds.
  path: Assets/Unity Downloaded Assets/_ChompMan-PM/Textures/Characters/Chomp_AO.png
  artifactKey: Guid(4dc6a3f9e021db24dbf3aef575aeb501) Importer(815301076,1909f56bfc062723c751e8b465ee728b)
Start importing Assets/Unity Downloaded Assets/_ChompMan-PM/Textures/Characters/Chomp_AO.png using Guid(4dc6a3f9e021db24dbf3aef575aeb501) Importer(815301076,1909f56bfc062723c751e8b465ee728b)  -> (artifact id: 'eb95b5f60291efeb76a150a142d12225') in 0.008801 seconds 
========================================================================
Received Import Request.
  Time since last request: 0.000106 seconds.
  path: Assets/Unity Downloaded Assets/_ChompMan-PM/Textures/Characters/Chomp_MetallicSmoothness.png
  artifactKey: Guid(660f1e0442b4bdd4aad469a5ffa698aa) Importer(815301076,1909f56bfc062723c751e8b465ee728b)
Start importing Assets/Unity Downloaded Assets/_ChompMan-PM/Textures/Characters/Chomp_MetallicSmoothness.png using Guid(660f1e0442b4bdd4aad469a5ffa698aa) Importer(815301076,1909f56bfc062723c751e8b465ee728b)  -> (artifact id: 'cbeb0f6d26fd78573028c3d25f740680') in 0.012177 seconds 
========================================================================
Received Import Request.
  Time since last request: 0.000121 seconds.
  path: Assets/Samples/Terrain Tools/0.1.0-preview/Terrain Assets/BrushTextures/clouds.tif
  artifactKey: Guid(791ebe8a3d329b34ca7dc4616ec3cd34) Importer(815301076,1909f56bfc062723c751e8b465ee728b)
Start importing Assets/Samples/Terrain Tools/0.1.0-preview/Terrain Assets/BrushTextures/clouds.tif using Guid(791ebe8a3d329b34ca7dc4616ec3cd34) Importer(815301076,1909f56bfc062723c751e8b465ee728b)  -> (artifact id: 'e935fd621561724cbf4129c9368bf6a6') in 0.012307 seconds 
========================================================================
Received Import Request.
  Time since last request: 0.000108 seconds.
  path: Assets/Unity Downloaded Assets/_ChompMan-PM/Textures/Characters/Chomp_Normal.png
  artifactKey: Guid(2d187c5cffc9d2245b2119d5db814490) Importer(815301076,1909f56bfc062723c751e8b465ee728b)
Start importing Assets/Unity Downloaded Assets/_ChompMan-PM/Textures/Characters/Chomp_Normal.png using Guid(2d187c5cffc9d2245b2119d5db814490) Importer(815301076,1909f56bfc062723c751e8b465ee728b)  -> (artifact id: '19f720ad7266abd836bebe7ecb80bc52') in 0.010451 seconds 
========================================================================
Received Import Request.
  Time since last request: 0.000117 seconds.
  path: Assets/Unity Downloaded Assets/_ChompMan-PM/Textures/Characters/Chomp_AlbedoTransparency.png
  artifactKey: Guid(2c86afa87020f154eb8d20d24df61a84) Importer(815301076,1909f56bfc062723c751e8b465ee728b)
Start importing Assets/Unity Downloaded Assets/_ChompMan-PM/Textures/Characters/Chomp_AlbedoTransparency.png using Guid(2c86afa87020f154eb8d20d24df61a84) Importer(815301076,1909f56bfc062723c751e8b465ee728b)  -> (artifact id: '0fdc8a40621d719ef20e68f3d6ab7cfe') in 0.009118 seconds 
========================================================================
Received Import Request.
  Time since last request: 0.000130 seconds.
  path: Assets/Unity Downloaded Assets/_ChompMan-PM/Textures/UI/ChompMan_TitleScree_SpriteSheet.png
  artifactKey: Guid(66fb8b07ae43fed42bd95fd3b930dd4a) Importer(815301076,1909f56bfc062723c751e8b465ee728b)
Start importing Assets/Unity Downloaded Assets/_ChompMan-PM/Textures/UI/ChompMan_TitleScree_SpriteSheet.png using Guid(66fb8b07ae43fed42bd95fd3b930dd4a) Importer(815301076,1909f56bfc062723c751e8b465ee728b)  -> (artifact id: 'e4682d4e295e364f5d977a2ad48a504f') in 0.017529 seconds 
========================================================================
Received Import Request.
  Time since last request: 0.000110 seconds.
  path: Assets/Samples/Terrain Tools/0.1.0-preview/Terrain Assets/BrushTextures/canyon04.tif
  artifactKey: Guid(fd3a283142a57bd4aa8029f5e0705fc5) Importer(815301076,1909f56bfc062723c751e8b465ee728b)
Start importing Assets/Samples/Terrain Tools/0.1.0-preview/Terrain Assets/BrushTextures/canyon04.tif using Guid(fd3a283142a57bd4aa8029f5e0705fc5) Importer(815301076,1909f56bfc062723c751e8b465ee728b)  -> (artifact id: '47ab93b8789df969397caf641d731ce6') in 0.014325 seconds 
========================================================================
Received Import Request.
  Time since last request: 0.000106 seconds.
  path: Assets/Samples/Terrain Tools/0.1.0-preview/Terrain Assets/BrushTextures/canyon05.tif
  artifactKey: Guid(3771b24b1afb4bd4d86e3ba795b65a32) Importer(815301076,1909f56bfc062723c751e8b465ee728b)
Start importing Assets/Samples/Terrain Tools/0.1.0-preview/Terrain Assets/BrushTextures/canyon05.tif using Guid(3771b24b1afb4bd4d86e3ba795b65a32) Importer(815301076,1909f56bfc062723c751e8b465ee728b)  -> (artifact id: '0feca7a18330e9586b9ba2b67e78f618') in 0.029001 seconds 
========================================================================
Received Import Request.
  Time since last request: 0.000112 seconds.
  path: Assets/Unity Downloaded Assets/_ChompMan-PM/Textures/UI/ChompMan_TitleScree_SpriteSheet_B&W.png
  artifactKey: Guid(4ef429d4950116c47b7efa29a3d55ce0) Importer(815301076,1909f56bfc062723c751e8b465ee728b)
Start importing Assets/Unity Downloaded Assets/_ChompMan-PM/Textures/UI/ChompMan_TitleScree_SpriteSheet_B&W.png using Guid(4ef429d4950116c47b7efa29a3d55ce0) Importer(815301076,1909f56bfc062723c751e8b465ee728b)  -> (artifact id: '3cbad51b9126880dd389f696fcf4362a') in 0.018023 seconds 
========================================================================
Received Import Request.
  Time since last request: 174.226520 seconds.
  path: Assets/Materials/Wall.mat
  artifactKey: Guid(5bc63c57c6b83114c929caa41dda71dc) Importer(815301076,1909f56bfc062723c751e8b465ee728b)
Start importing Assets/Materials/Wall.mat using Guid(5bc63c57c6b83114c929caa41dda71dc) Importer(815301076,1909f56bfc062723c751e8b465ee728b)  -> (artifact id: '6e6043723c4d1d508cbff2b91231b060') in 0.009501 seconds 
AssetImportWorkerClient::OnTransportError - code=2 error=End of file
